2026-02-23 13:36:50.102 +01:00 [ERR] Hosting failed to start
System.IO.IOException: Failed to bind to address http://127.0.0.1:5000: address already in use.
 ---> Microsoft.AspNetCore.Connections.AddressInUseException: Only one usage of each socket address (protocol/network address/port) is normally permitted.
 ---> System.Net.Sockets.SocketException (10048): Only one usage of each socket address (protocol/network address/port) is normally permitted.
   at System.Net.Sockets.Socket.UpdateStatusAfterSocketErrorAndThrowException(SocketError error, Boolean disconnectOnFailure, String callerName)
   at System.Net.Sockets.Socket.DoBind(EndPoint endPointSnapshot, SocketAddress socketAddress)
   at System.Net.Sockets.Socket.Bind(EndPoint localEP)
   at Microsoft.AspNetCore.Server.Kestrel.Transport.Sockets.SocketTransportOptions.CreateDefaultBoundListenSocket(EndPoint endpoint)
   at Microsoft.AspNetCore.Server.Kestrel.Transport.Sockets.SocketConnectionListener.Bind()
   --- End of inner exception stack trace ---
   at Microsoft.AspNetCore.Server.Kestrel.Transport.Sockets.SocketConnectionListener.Bind()
   at Microsoft.AspNetCore.Server.Kestrel.Transport.Sockets.SocketTransportFactory.BindAsync(EndPoint endpoint, CancellationToken cancellationToken)
   at Microsoft.AspNetCore.Server.Kestrel.Core.Internal.Infrastructure.TransportManager.BindAsync(EndPoint endPoint, ConnectionDelegate connectionDelegate, EndpointConfig endpointConfig, CancellationToken cancellationToken)
   at Microsoft.AspNetCore.Server.Kestrel.Core.KestrelServerImpl.<>c__DisplayClass28_0`1.<<StartAsync>g__OnBind|0>d.MoveNext()
--- End of stack trace from previous location ---
   at Microsoft.AspNetCore.Server.Kestrel.Core.Internal.AddressBinder.BindEndpointAsync(ListenOptions endpoint, AddressBindContext context, CancellationToken cancellationToken)
   --- End of inner exception stack trace ---
   at Microsoft.AspNetCore.Server.Kestrel.Core.Internal.AddressBinder.BindEndpointAsync(ListenOptions endpoint, AddressBindContext context, CancellationToken cancellationToken)
   at Microsoft.AspNetCore.Server.Kestrel.Core.LocalhostListenOptions.BindAsync(AddressBindContext context, CancellationToken cancellationToken)
   at Microsoft.AspNetCore.Server.Kestrel.Core.Internal.AddressBinder.DefaultAddressStrategy.BindAsync(AddressBindContext context, CancellationToken cancellationToken)
   at Microsoft.AspNetCore.Server.Kestrel.Core.KestrelServerImpl.BindAsync(CancellationToken cancellationToken)
   at Microsoft.AspNetCore.Server.Kestrel.Core.KestrelServerImpl.StartAsync[TContext](IHttpApplication`1 application, CancellationToken cancellationToken)
   at Microsoft.AspNetCore.Hosting.GenericWebHostService.StartAsync(CancellationToken cancellationToken)
   at Microsoft.Extensions.Hosting.Internal.Host.<StartAsync>b__14_1(IHostedService service, CancellationToken token)
   at Microsoft.Extensions.Hosting.Internal.Host.ForeachService[T](IEnumerable`1 services, CancellationToken token, Boolean concurrent, Boolean abortOnFirstException, List`1 exceptions, Func`3 operation)
2026-02-23 13:38:40.801 +01:00 [INF] Now listening on: http://localhost:5000
2026-02-23 13:38:40.873 +01:00 [INF] Application started. Press Ctrl+C to shut down.
2026-02-23 13:38:40.875 +01:00 [INF] Hosting environment: Development
2026-02-23 13:38:40.875 +01:00 [INF] Content root path: C:\Users\KalmanT\OneDrive - ZF Friedrichshafen AG\Documents\My Web Sites\3DSearchAggregator\backend
2026-02-23 13:38:41.704 +01:00 [INF] Request starting HTTP/1.1 GET http://localhost:5000/ - null null
2026-02-23 13:38:41.795 +01:00 [INF] Request finished HTTP/1.1 GET http://localhost:5000/ - 404 0 null 97.2648ms
2026-02-23 13:38:41.840 +01:00 [INF] Request reached the end of the middleware pipeline without being handled by application code. Request path: GET http://localhost:5000/, Response status code: 404
2026-02-23 13:38:53.049 +01:00 [INF] Request starting HTTP/1.1 GET http://localhost:5000/api/models/search?q=dragon&page=1&pageSize=24&sortBy=relevance - null null
2026-02-23 13:38:53.060 +01:00 [INF] Request starting HTTP/1.1 GET http://localhost:5000/api/models/trending?page=1&pageSize=24 - null null
2026-02-23 13:38:53.062 +01:00 [INF] CORS policy execution successful.
2026-02-23 13:38:53.063 +01:00 [INF] CORS policy execution successful.
2026-02-23 13:38:53.075 +01:00 [INF] Executing endpoint 'ModelAggregator.Api.Controllers.ModelsController.GetTrending (ModelAggregator.Api)'
2026-02-23 13:38:53.075 +01:00 [INF] Executing endpoint 'ModelAggregator.Api.Controllers.ModelsController.Search (ModelAggregator.Api)'
2026-02-23 13:38:53.151 +01:00 [INF] Route matched with {action = "GetTrending", controller = "Models"}. Executing controller action with signature System.Threading.Tasks.Task`1[Microsoft.AspNetCore.Mvc.ActionResult`1[ModelAggregator.Api.DTOs.SearchResponse]] GetTrending(Int32, Int32, System.String, System.Threading.CancellationToken) on controller ModelAggregator.Api.Controllers.ModelsController (ModelAggregator.Api).
2026-02-23 13:38:53.151 +01:00 [INF] Route matched with {action = "Search", controller = "Models"}. Executing controller action with signature System.Threading.Tasks.Task`1[Microsoft.AspNetCore.Mvc.ActionResult`1[ModelAggregator.Api.DTOs.SearchResponse]] Search(System.String, Int32, Int32, System.String, System.String, System.Nullable`1[System.Boolean], System.Nullable`1[System.Decimal], System.Nullable`1[System.Decimal], System.Threading.CancellationToken) on controller ModelAggregator.Api.Controllers.ModelsController (ModelAggregator.Api).
2026-02-23 13:38:53.234 +01:00 [INF] Start processing HTTP request GET https://api.thingiverse.com/search/dragon?*
2026-02-23 13:38:53.234 +01:00 [INF] Start processing HTTP request GET https://api.thingiverse.com/featured?*
2026-02-23 13:38:53.240 +01:00 [INF] Sending HTTP request GET https://api.thingiverse.com/featured?*
2026-02-23 13:38:53.240 +01:00 [INF] Sending HTTP request GET https://api.thingiverse.com/search/dragon?*
2026-02-23 13:38:53.612 +01:00 [INF] Start processing HTTP request POST https://cults3d.com/graphql
2026-02-23 13:38:53.612 +01:00 [INF] Start processing HTTP request POST https://cults3d.com/graphql
2026-02-23 13:38:53.613 +01:00 [INF] Sending HTTP request POST https://cults3d.com/graphql
2026-02-23 13:38:53.613 +01:00 [INF] Sending HTTP request POST https://cults3d.com/graphql
2026-02-23 13:38:53.660 +01:00 [INF] Start processing HTTP request GET https://www.myminifactory.com/api/v2/search?*
2026-02-23 13:38:53.660 +01:00 [INF] Sending HTTP request GET https://www.myminifactory.com/api/v2/search?*
2026-02-23 13:38:53.664 +01:00 [INF] Start processing HTTP request GET https://www.myminifactory.com/api/v2/search?*
2026-02-23 13:38:53.665 +01:00 [INF] Sending HTTP request GET https://www.myminifactory.com/api/v2/search?*
2026-02-23 13:38:53.725 +01:00 [INF] Start processing HTTP request POST https://api.printables.com/graphql/
2026-02-23 13:38:53.725 +01:00 [INF] Sending HTTP request POST https://api.printables.com/graphql/
2026-02-23 13:38:53.757 +01:00 [INF] MakerWorld: Fetching buildId from homepage...
2026-02-23 13:38:53.759 +01:00 [INF] Start processing HTTP request GET https://makerworld.com/en
2026-02-23 13:38:53.759 +01:00 [INF] Sending HTTP request GET https://makerworld.com/en
2026-02-23 13:38:53.794 +01:00 [INF] Start processing HTTP request POST https://api.printables.com/graphql/
2026-02-23 13:38:53.794 +01:00 [INF] Sending HTTP request POST https://api.printables.com/graphql/
2026-02-23 13:38:54.206 +01:00 [INF] Received HTTP response headers after 474.3419ms - 200
2026-02-23 13:38:54.208 +01:00 [INF] End processing HTTP request after 482.6416ms - 200
2026-02-23 13:38:54.278 +01:00 [INF] Printables: Found 8 trending results
2026-02-23 13:38:54.279 +01:00 [INF] Trending: Source "Printables" returned 8 models.
2026-02-23 13:38:54.395 +01:00 [INF] Received HTTP response headers after 635.6264ms - 200
2026-02-23 13:38:54.396 +01:00 [INF] End processing HTTP request after 637.0918ms - 200
2026-02-23 13:38:54.532 +01:00 [INF] Received HTTP response headers after 737.4489ms - 200
2026-02-23 13:38:54.533 +01:00 [INF] End processing HTTP request after 738.7516ms - 200
2026-02-23 13:38:54.537 +01:00 [INF] Printables: Found 24 results (total: 7899) for 'dragon'
2026-02-23 13:38:54.538 +01:00 [INF] Search: Source "Printables" returned 24 models. Total: 7899
2026-02-23 13:38:54.541 +01:00 [INF] Received HTTP response headers after 880.389ms - 200
2026-02-23 13:38:54.542 +01:00 [INF] End processing HTTP request after 881.871ms - 200
2026-02-23 13:38:54.546 +01:00 [INF] Received HTTP response headers after 1305.5075ms - 200
2026-02-23 13:38:54.546 +01:00 [INF] End processing HTTP request after 1318.8054ms - 200
2026-02-23 13:38:54.582 +01:00 [INF] Thingiverse: Found 8 popular results
2026-02-23 13:38:54.583 +01:00 [INF] Trending: Source "Thingiverse" returned 8 models.
2026-02-23 13:38:54.637 +01:00 [INF] MakerWorld: Got homepage HTML (1024180 chars)
2026-02-23 13:38:54.641 +01:00 [INF] MyMiniFactory: Found 8 popular results
2026-02-23 13:38:54.642 +01:00 [INF] Trending: Source "MyMiniFactory" returned 8 models.
2026-02-23 13:38:54.644 +01:00 [INF] MakerWorld: Fetched buildId = F56ZOfHH6xUATNzwkhAwH
2026-02-23 13:38:54.646 +01:00 [INF] Start processing HTTP request GET https://makerworld.com/_next/data/F56ZOfHH6xUATNzwkhAwH/en/search/models.json?*
2026-02-23 13:38:54.646 +01:00 [INF] Start processing HTTP request GET https://makerworld.com/_next/data/F56ZOfHH6xUATNzwkhAwH/en/search/models.json?*
2026-02-23 13:38:54.646 +01:00 [INF] Sending HTTP request GET https://makerworld.com/_next/data/F56ZOfHH6xUATNzwkhAwH/en/search/models.json?*
2026-02-23 13:38:54.646 +01:00 [INF] Sending HTTP request GET https://makerworld.com/_next/data/F56ZOfHH6xUATNzwkhAwH/en/search/models.json?*
2026-02-23 13:38:54.678 +01:00 [INF] Received HTTP response headers after 1437.504ms - 200
2026-02-23 13:38:54.678 +01:00 [INF] End processing HTTP request after 1450.7405ms - 200
2026-02-23 13:38:54.706 +01:00 [INF] Thingiverse: Found 24 results (total: 10000)
2026-02-23 13:38:54.707 +01:00 [INF] Search: Source "Thingiverse" returned 24 models. Total: 10000
2026-02-23 13:38:54.769 +01:00 [INF] Received HTTP response headers after 1156.3254ms - 200
2026-02-23 13:38:54.770 +01:00 [INF] End processing HTTP request after 1158.1095ms - 200
2026-02-23 13:38:54.788 +01:00 [INF] Cults3D: Found 24 results (total: 62490)
2026-02-23 13:38:54.789 +01:00 [INF] Search: Source "Cults3D" returned 24 models. Total: 62490
2026-02-23 13:38:54.884 +01:00 [INF] Received HTTP response headers after 1270.585ms - 200
2026-02-23 13:38:54.884 +01:00 [INF] End processing HTTP request after 1271.8662ms - 200
2026-02-23 13:38:54.892 +01:00 [INF] Cults3D: Found 8 trending results (total: 2983848)
2026-02-23 13:38:54.892 +01:00 [INF] Trending: Source "Cults3D" returned 8 models.
2026-02-23 13:38:55.396 +01:00 [INF] Received HTTP response headers after 749.6165ms - 200
2026-02-23 13:38:55.397 +01:00 [INF] End processing HTTP request after 751.028ms - 200
2026-02-23 13:38:55.575 +01:00 [INF] MakerWorld: Found 20 trending results
2026-02-23 13:38:55.576 +01:00 [INF] Trending: Source "MakerWorld" returned 20 models.
2026-02-23 13:38:55.584 +01:00 [INF] Interleaving 52 items from 5 sources: Thingiverse(8), Cults3D(8), MyMiniFactory(8), Printables(8), MakerWorld(20)
2026-02-23 13:38:55.592 +01:00 [INF] Received HTTP response headers after 945.4182ms - 200
2026-02-23 13:38:55.592 +01:00 [INF] End processing HTTP request after 946.4027ms - 200
2026-02-23 13:38:55.613 +01:00 [INF] Executing OkObjectResult, writing value of type 'ModelAggregator.Api.DTOs.SearchResponse'.
2026-02-23 13:38:55.680 +01:00 [INF] MakerWorld: Found 20 results (total: 3652) for 'dragon'
2026-02-23 13:38:55.680 +01:00 [INF] Search: Source "MakerWorld" returned 20 models. Total: 3652
2026-02-23 13:38:55.708 +01:00 [INF] Request starting HTTP/1.1 GET http://localhost:5000/api/models/trending?page=1&pageSize=24 - null null
2026-02-23 13:38:55.709 +01:00 [INF] Executed action ModelAggregator.Api.Controllers.ModelsController.GetTrending (ModelAggregator.Api) in 2550.6028ms
2026-02-23 13:38:55.711 +01:00 [INF] Executed endpoint 'ModelAggregator.Api.Controllers.ModelsController.GetTrending (ModelAggregator.Api)'
2026-02-23 13:38:55.715 +01:00 [INF] CORS policy execution successful.
2026-02-23 13:38:55.716 +01:00 [INF] Executing endpoint 'ModelAggregator.Api.Controllers.ModelsController.GetTrending (ModelAggregator.Api)'
2026-02-23 13:38:55.716 +01:00 [INF] Request finished HTTP/1.1 GET http://localhost:5000/api/models/trending?page=1&pageSize=24 - 200 null application/json; charset=utf-8 2655.9433ms
2026-02-23 13:38:55.716 +01:00 [INF] Route matched with {action = "GetTrending", controller = "Models"}. Executing controller action with signature System.Threading.Tasks.Task`1[Microsoft.AspNetCore.Mvc.ActionResult`1[ModelAggregator.Api.DTOs.SearchResponse]] GetTrending(Int32, Int32, System.String, System.Threading.CancellationToken) on controller ModelAggregator.Api.Controllers.ModelsController (ModelAggregator.Api).
2026-02-23 13:38:55.733 +01:00 [INF] Start processing HTTP request GET https://api.thingiverse.com/featured?*
2026-02-23 13:38:55.734 +01:00 [INF] Sending HTTP request GET https://api.thingiverse.com/featured?*
2026-02-23 13:38:55.736 +01:00 [INF] Start processing HTTP request POST https://cults3d.com/graphql
2026-02-23 13:38:55.736 +01:00 [INF] Sending HTTP request POST https://cults3d.com/graphql
2026-02-23 13:38:55.739 +01:00 [INF] Start processing HTTP request GET https://www.myminifactory.com/api/v2/search?*
2026-02-23 13:38:55.739 +01:00 [INF] Sending HTTP request GET https://www.myminifactory.com/api/v2/search?*
2026-02-23 13:38:55.741 +01:00 [INF] Start processing HTTP request POST https://api.printables.com/graphql/
2026-02-23 13:38:55.742 +01:00 [INF] Sending HTTP request POST https://api.printables.com/graphql/
2026-02-23 13:38:55.744 +01:00 [INF] Start processing HTTP request GET https://makerworld.com/_next/data/F56ZOfHH6xUATNzwkhAwH/en/search/models.json?*
2026-02-23 13:38:55.744 +01:00 [INF] Sending HTTP request GET https://makerworld.com/_next/data/F56ZOfHH6xUATNzwkhAwH/en/search/models.json?*
2026-02-23 13:38:55.794 +01:00 [INF] Received HTTP response headers after 51.5445ms - 200
2026-02-23 13:38:55.794 +01:00 [INF] End processing HTTP request after 52.5094ms - 200
2026-02-23 13:38:55.796 +01:00 [INF] Printables: Found 8 trending results
2026-02-23 13:38:55.796 +01:00 [INF] Trending: Source "Printables" returned 8 models.
2026-02-23 13:38:55.863 +01:00 [INF] Received HTTP response headers after 2198.3899ms - 200
2026-02-23 13:38:55.864 +01:00 [INF] End processing HTTP request after 2199.7141ms - 200
2026-02-23 13:38:55.985 +01:00 [INF] MyMiniFactory: Found 22 results (total: 55925)
2026-02-23 13:38:55.985 +01:00 [INF] Search: Source "MyMiniFactory" returned 22 models. Total: 55925
2026-02-23 13:38:55.986 +01:00 [INF] Interleaving 114 items from 5 sources: Thingiverse(24), Cults3D(24), MyMiniFactory(22), Printables(24), MakerWorld(20)
2026-02-23 13:38:55.988 +01:00 [INF] Executing OkObjectResult, writing value of type 'ModelAggregator.Api.DTOs.SearchResponse'.
2026-02-23 13:38:55.995 +01:00 [INF] Executed action ModelAggregator.Api.Controllers.ModelsController.Search (ModelAggregator.Api) in 2842.1212ms
2026-02-23 13:38:55.995 +01:00 [INF] Executed endpoint 'ModelAggregator.Api.Controllers.ModelsController.Search (ModelAggregator.Api)'
2026-02-23 13:38:55.996 +01:00 [INF] Request finished HTTP/1.1 GET http://localhost:5000/api/models/search?q=dragon&page=1&pageSize=24&sortBy=relevance - 200 null application/json; charset=utf-8 2947.5621ms
2026-02-23 13:38:56.005 +01:00 [INF] Request starting HTTP/1.1 GET http://localhost:5000/api/models/search?q=dragon&page=1&pageSize=24&sortBy=relevance - null null
2026-02-23 13:38:56.006 +01:00 [INF] CORS policy execution successful.
2026-02-23 13:38:56.006 +01:00 [INF] Executing endpoint 'ModelAggregator.Api.Controllers.ModelsController.Search (ModelAggregator.Api)'
2026-02-23 13:38:56.007 +01:00 [INF] Route matched with {action = "Search", controller = "Models"}. Executing controller action with signature System.Threading.Tasks.Task`1[Microsoft.AspNetCore.Mvc.ActionResult`1[ModelAggregator.Api.DTOs.SearchResponse]] Search(System.String, Int32, Int32, System.String, System.String, System.Nullable`1[System.Boolean], System.Nullable`1[System.Decimal], System.Nullable`1[System.Decimal], System.Threading.CancellationToken) on controller ModelAggregator.Api.Controllers.ModelsController (ModelAggregator.Api).
2026-02-23 13:38:56.012 +01:00 [INF] Start processing HTTP request GET https://api.thingiverse.com/search/dragon?*
2026-02-23 13:38:56.012 +01:00 [INF] Sending HTTP request GET https://api.thingiverse.com/search/dragon?*
2026-02-23 13:38:56.020 +01:00 [INF] Start processing HTTP request POST https://cults3d.com/graphql
2026-02-23 13:38:56.020 +01:00 [INF] Sending HTTP request POST https://cults3d.com/graphql
2026-02-23 13:38:56.023 +01:00 [INF] Start processing HTTP request GET https://www.myminifactory.com/api/v2/search?*
2026-02-23 13:38:56.023 +01:00 [INF] Sending HTTP request GET https://www.myminifactory.com/api/v2/search?*
2026-02-23 13:38:56.026 +01:00 [INF] Start processing HTTP request POST https://api.printables.com/graphql/
2026-02-23 13:38:56.026 +01:00 [INF] Sending HTTP request POST https://api.printables.com/graphql/
2026-02-23 13:38:56.032 +01:00 [INF] Start processing HTTP request GET https://makerworld.com/_next/data/F56ZOfHH6xUATNzwkhAwH/en/search/models.json?*
2026-02-23 13:38:56.032 +01:00 [INF] Sending HTTP request GET https://makerworld.com/_next/data/F56ZOfHH6xUATNzwkhAwH/en/search/models.json?*
2026-02-23 13:38:56.140 +01:00 [INF] Received HTTP response headers after 405.455ms - 200
2026-02-23 13:38:56.140 +01:00 [INF] End processing HTTP request after 406.5017ms - 200
2026-02-23 13:38:56.146 +01:00 [INF] Thingiverse: Found 8 popular results
2026-02-23 13:38:56.146 +01:00 [INF] Trending: Source "Thingiverse" returned 8 models.
2026-02-23 13:38:56.236 +01:00 [INF] Received HTTP response headers after 209.6903ms - 200
2026-02-23 13:38:56.237 +01:00 [INF] End processing HTTP request after 210.7341ms - 200
2026-02-23 13:38:56.254 +01:00 [INF] Printables: Found 24 results (total: 7899) for 'dragon'
2026-02-23 13:38:56.254 +01:00 [INF] Received HTTP response headers after 514.8371ms - 200
2026-02-23 13:38:56.254 +01:00 [INF] Search: Source "Printables" returned 24 models. Total: 7899
2026-02-23 13:38:56.254 +01:00 [INF] End processing HTTP request after 515.8171ms - 200
2026-02-23 13:38:56.328 +01:00 [INF] MyMiniFactory: Found 8 popular results
2026-02-23 13:38:56.329 +01:00 [INF] Trending: Source "MyMiniFactory" returned 8 models.
2026-02-23 13:38:56.580 +01:00 [INF] Received HTTP response headers after 835.2839ms - 200
2026-02-23 13:38:56.581 +01:00 [INF] End processing HTTP request after 837.1691ms - 200
2026-02-23 13:38:56.656 +01:00 [INF] Received HTTP response headers after 919.2297ms - 200
2026-02-23 13:38:56.656 +01:00 [INF] End processing HTTP request after 920.3932ms - 200
2026-02-23 13:38:56.665 +01:00 [INF] Cults3D: Found 8 trending results (total: 2983848)
2026-02-23 13:38:56.668 +01:00 [INF] Trending: Source "Cults3D" returned 8 models.
2026-02-23 13:38:56.669 +01:00 [INF] Received HTTP response headers after 645.2503ms - 200
2026-02-23 13:38:56.669 +01:00 [INF] End processing HTTP request after 646.6693ms - 200
2026-02-23 13:38:56.754 +01:00 [INF] MakerWorld: Found 20 trending results
2026-02-23 13:38:56.754 +01:00 [INF] Received HTTP response headers after 741.8112ms - 200
2026-02-23 13:38:56.755 +01:00 [INF] Trending: Source "MakerWorld" returned 20 models.
2026-02-23 13:38:56.757 +01:00 [INF] Interleaving 52 items from 5 sources: Thingiverse(8), Cults3D(8), MyMiniFactory(8), Printables(8), MakerWorld(20)
2026-02-23 13:38:56.758 +01:00 [INF] Executing OkObjectResult, writing value of type 'ModelAggregator.Api.DTOs.SearchResponse'.
2026-02-23 13:38:56.756 +01:00 [INF] End processing HTTP request after 744.2893ms - 200
2026-02-23 13:38:56.761 +01:00 [INF] Executed action ModelAggregator.Api.Controllers.ModelsController.GetTrending (ModelAggregator.Api) in 1044.4825ms
2026-02-23 13:38:56.762 +01:00 [INF] Executed endpoint 'ModelAggregator.Api.Controllers.ModelsController.GetTrending (ModelAggregator.Api)'
2026-02-23 13:38:56.762 +01:00 [INF] Request finished HTTP/1.1 GET http://localhost:5000/api/models/trending?page=1&pageSize=24 - 200 null application/json; charset=utf-8 1054.0883ms
2026-02-23 13:38:56.785 +01:00 [INF] Thingiverse: Found 24 results (total: 10000)
2026-02-23 13:38:56.785 +01:00 [INF] Search: Source "Thingiverse" returned 24 models. Total: 10000
2026-02-23 13:38:56.790 +01:00 [INF] MyMiniFactory: Found 22 results (total: 55925)
2026-02-23 13:38:56.791 +01:00 [INF] Search: Source "MyMiniFactory" returned 22 models. Total: 55925
2026-02-23 13:38:57.120 +01:00 [INF] Received HTTP response headers after 1100.0476ms - 200
2026-02-23 13:38:57.122 +01:00 [INF] End processing HTTP request after 1102.2705ms - 200
2026-02-23 13:38:57.129 +01:00 [INF] Cults3D: Found 24 results (total: 62490)
2026-02-23 13:38:57.130 +01:00 [INF] Search: Source "Cults3D" returned 24 models. Total: 62490
2026-02-23 13:38:57.689 +01:00 [INF] Received HTTP response headers after 1655.987ms - 200
2026-02-23 13:38:57.691 +01:00 [INF] End processing HTTP request after 1659.3976ms - 200
2026-02-23 13:38:58.200 +01:00 [INF] MakerWorld: Found 20 results (total: 3652) for 'dragon'
2026-02-23 13:38:58.200 +01:00 [INF] Search: Source "MakerWorld" returned 20 models. Total: 3652
2026-02-23 13:38:58.201 +01:00 [INF] Interleaving 114 items from 5 sources: Thingiverse(24), Cults3D(24), MyMiniFactory(22), Printables(24), MakerWorld(20)
2026-02-23 13:38:58.202 +01:00 [INF] Executing OkObjectResult, writing value of type 'ModelAggregator.Api.DTOs.SearchResponse'.
2026-02-23 13:38:58.204 +01:00 [INF] Executed action ModelAggregator.Api.Controllers.ModelsController.Search (ModelAggregator.Api) in 2195.6639ms
2026-02-23 13:38:58.205 +01:00 [INF] Executed endpoint 'ModelAggregator.Api.Controllers.ModelsController.Search (ModelAggregator.Api)'
2026-02-23 13:38:58.206 +01:00 [INF] Request finished HTTP/1.1 GET http://localhost:5000/api/models/search?q=dragon&page=1&pageSize=24&sortBy=relevance - 200 null application/json; charset=utf-8 2200.2441ms
2026-02-23 14:12:11.789 +01:00 [INF] Now listening on: http://localhost:5000
2026-02-23 14:12:11.869 +01:00 [INF] Application started. Press Ctrl+C to shut down.
2026-02-23 14:12:11.873 +01:00 [INF] Hosting environment: Development
2026-02-23 14:12:11.876 +01:00 [INF] Content root path: C:\Users\KalmanT\OneDrive - ZF Friedrichshafen AG\Documents\My Web Sites\3DSearchAggregator\backend
2026-02-23 14:12:54.532 +01:00 [INF] Request starting HTTP/1.1 GET http://localhost:5000/api/models/search?q=cat - null null
2026-02-23 14:12:54.568 +01:00 [INF] Executing endpoint 'ModelAggregator.Api.Controllers.ModelsController.Search (ModelAggregator.Api)'
2026-02-23 14:12:54.593 +01:00 [INF] Route matched with {action = "Search", controller = "Models"}. Executing controller action with signature System.Threading.Tasks.Task`1[Microsoft.AspNetCore.Mvc.ActionResult`1[ModelAggregator.Api.DTOs.SearchResponse]] Search(System.String, Int32, Int32, System.String, System.String, System.Nullable`1[System.Boolean], System.Nullable`1[System.Decimal], System.Nullable`1[System.Decimal], System.Threading.CancellationToken) on controller ModelAggregator.Api.Controllers.ModelsController (ModelAggregator.Api).
2026-02-23 14:12:54.633 +01:00 [INF] Start processing HTTP request GET https://api.thingiverse.com/search/cat?*
2026-02-23 14:12:54.639 +01:00 [INF] Sending HTTP request GET https://api.thingiverse.com/search/cat?*
2026-02-23 14:12:54.798 +01:00 [INF] Start processing HTTP request POST https://cults3d.com/graphql
2026-02-23 14:12:54.801 +01:00 [INF] Sending HTTP request POST https://cults3d.com/graphql
2026-02-23 14:12:54.806 +01:00 [INF] Start processing HTTP request GET https://www.myminifactory.com/api/v2/search?*
2026-02-23 14:12:54.809 +01:00 [INF] Sending HTTP request GET https://www.myminifactory.com/api/v2/search?*
2026-02-23 14:12:54.833 +01:00 [INF] Start processing HTTP request POST https://api.printables.com/graphql/
2026-02-23 14:12:54.836 +01:00 [INF] Sending HTTP request POST https://api.printables.com/graphql/
2026-02-23 14:12:54.843 +01:00 [INF] Start processing HTTP request GET https://makerworld.com/api/v1/search-service/select/design2?*
2026-02-23 14:12:54.845 +01:00 [INF] Sending HTTP request GET https://makerworld.com/api/v1/search-service/select/design2?*
2026-02-23 14:12:55.161 +01:00 [INF] Received HTTP response headers after 320.0376ms - 200
2026-02-23 14:12:55.177 +01:00 [INF] End processing HTTP request after 344.3744ms - 200
2026-02-23 14:12:55.210 +01:00 [INF] Printables: Found 24 results (total: 10000) for 'cat'
2026-02-23 14:12:55.214 +01:00 [INF] Search: Source "Printables" returned 24 models. Total: 10000
2026-02-23 14:12:55.652 +01:00 [INF] Received HTTP response headers after 848.5202ms - 200
2026-02-23 14:12:55.655 +01:00 [INF] End processing HTTP request after 856.7096ms - 200
2026-02-23 14:12:55.664 +01:00 [INF] Cults3D: Found 24 results (total: 45938)
2026-02-23 14:12:55.667 +01:00 [INF] Search: Source "Cults3D" returned 24 models. Total: 45938
2026-02-23 14:12:55.721 +01:00 [INF] Received HTTP response headers after 874.7571ms - 200
2026-02-23 14:12:55.724 +01:00 [INF] End processing HTTP request after 882.0233ms - 200
2026-02-23 14:12:55.760 +01:00 [INF] MakerWorld: Found 24 results (total: 3921) for 'cat'
2026-02-23 14:12:55.763 +01:00 [INF] Search: Source "MakerWorld" returned 24 models. Total: 3921
2026-02-23 14:12:55.828 +01:00 [INF] Received HTTP response headers after 1016.9219ms - 200
2026-02-23 14:12:55.831 +01:00 [INF] End processing HTTP request after 1024.4816ms - 200
2026-02-23 14:12:55.846 +01:00 [INF] Received HTTP response headers after 1203.4858ms - 200
2026-02-23 14:12:55.849 +01:00 [INF] End processing HTTP request after 1219.5556ms - 200
2026-02-23 14:12:55.875 +01:00 [INF] Thingiverse: Found 24 results (total: 10000)
2026-02-23 14:12:55.878 +01:00 [INF] Search: Source "Thingiverse" returned 24 models. Total: 10000
2026-02-23 14:12:55.887 +01:00 [INF] MyMiniFactory: Found 23 results (total: 5467)
2026-02-23 14:12:55.890 +01:00 [INF] Search: Source "MyMiniFactory" returned 23 models. Total: 5467
2026-02-23 14:12:55.896 +01:00 [INF] Interleaving 119 items from 5 sources: Thingiverse(24), Cults3D(24), MyMiniFactory(23), Printables(24), MakerWorld(24)
2026-02-23 14:12:55.905 +01:00 [INF] Executing OkObjectResult, writing value of type 'ModelAggregator.Api.DTOs.SearchResponse'.
2026-02-23 14:12:55.945 +01:00 [INF] Executed action ModelAggregator.Api.Controllers.ModelsController.Search (ModelAggregator.Api) in 1344.735ms
2026-02-23 14:12:55.950 +01:00 [INF] Executed endpoint 'ModelAggregator.Api.Controllers.ModelsController.Search (ModelAggregator.Api)'
2026-02-23 14:12:55.955 +01:00 [INF] Request finished HTTP/1.1 GET http://localhost:5000/api/models/search?q=cat - 200 null application/json; charset=utf-8 1424.2806ms
2026-02-23 14:13:11.995 +01:00 [INF] Request starting HTTP/1.1 GET http://localhost:5000/api/models/trending?page=1&pageSize=24 - null null
2026-02-23 14:13:12.002 +01:00 [INF] Executing endpoint 'ModelAggregator.Api.Controllers.ModelsController.GetTrending (ModelAggregator.Api)'
2026-02-23 14:13:12.010 +01:00 [INF] Route matched with {action = "GetTrending", controller = "Models"}. Executing controller action with signature System.Threading.Tasks.Task`1[Microsoft.AspNetCore.Mvc.ActionResult`1[ModelAggregator.Api.DTOs.SearchResponse]] GetTrending(Int32, Int32, System.String, System.Threading.CancellationToken) on controller ModelAggregator.Api.Controllers.ModelsController (ModelAggregator.Api).
2026-02-23 14:13:12.019 +01:00 [INF] Start processing HTTP request GET https://api.thingiverse.com/featured?*
2026-02-23 14:13:12.022 +01:00 [INF] Sending HTTP request GET https://api.thingiverse.com/featured?*
2026-02-23 14:13:12.029 +01:00 [INF] Start processing HTTP request POST https://cults3d.com/graphql
2026-02-23 14:13:12.031 +01:00 [INF] Sending HTTP request POST https://cults3d.com/graphql
2026-02-23 14:13:12.035 +01:00 [INF] Start processing HTTP request GET https://www.myminifactory.com/api/v2/search?*
2026-02-23 14:13:12.036 +01:00 [INF] Sending HTTP request GET https://www.myminifactory.com/api/v2/search?*
2026-02-23 14:13:12.049 +01:00 [INF] Start processing HTTP request POST https://api.printables.com/graphql/
2026-02-23 14:13:12.050 +01:00 [INF] Sending HTTP request POST https://api.printables.com/graphql/
2026-02-23 14:13:12.053 +01:00 [INF] Start processing HTTP request GET https://makerworld.com/api/v1/search-service/select/design2?*
2026-02-23 14:13:12.055 +01:00 [INF] Sending HTTP request GET https://makerworld.com/api/v1/search-service/select/design2?*
2026-02-23 14:13:12.194 +01:00 [INF] Received HTTP response headers after 142.4709ms - 200
2026-02-23 14:13:12.198 +01:00 [INF] End processing HTTP request after 148.5833ms - 200
2026-02-23 14:13:12.201 +01:00 [INF] Printables: Found 8 trending results
2026-02-23 14:13:12.202 +01:00 [INF] Trending: Source "Printables" returned 8 models.
2026-02-23 14:13:12.445 +01:00 [INF] Received HTTP response headers after 422.0453ms - 200
2026-02-23 14:13:12.449 +01:00 [INF] End processing HTTP request after 429.1769ms - 200
2026-02-23 14:13:12.452 +01:00 [INF] Thingiverse: Found 8 popular results
2026-02-23 14:13:12.454 +01:00 [INF] Trending: Source "Thingiverse" returned 8 models.
2026-02-23 14:13:12.858 +01:00 [INF] Received HTTP response headers after 800.9543ms - 200
2026-02-23 14:13:12.866 +01:00 [INF] End processing HTTP request after 813.0755ms - 200
2026-02-23 14:13:12.877 +01:00 [INF] MakerWorld: Found 8 trending results
2026-02-23 14:13:12.884 +01:00 [INF] Trending: Source "MakerWorld" returned 8 models.
2026-02-23 14:13:13.067 +01:00 [INF] Received HTTP response headers after 1034.8144ms - 200
2026-02-23 14:13:13.071 +01:00 [INF] End processing HTTP request after 1042.1679ms - 200
2026-02-23 14:13:13.073 +01:00 [INF] Cults3D: Found 8 trending results (total: 2983930)
2026-02-23 14:13:13.074 +01:00 [INF] Trending: Source "Cults3D" returned 8 models.
2026-02-23 14:13:13.303 +01:00 [INF] Received HTTP response headers after 1265.2899ms - 200
2026-02-23 14:13:13.305 +01:00 [INF] End processing HTTP request after 1270.1953ms - 200
2026-02-23 14:13:13.321 +01:00 [INF] MyMiniFactory: Found 8 popular results
2026-02-23 14:13:13.324 +01:00 [INF] Trending: Source "MyMiniFactory" returned 8 models.
2026-02-23 14:13:13.326 +01:00 [INF] Interleaving 40 items from 5 sources: Thingiverse(8), Cults3D(8), MyMiniFactory(8), Printables(8), MakerWorld(8)
2026-02-23 14:13:13.329 +01:00 [INF] Executing OkObjectResult, writing value of type 'ModelAggregator.Api.DTOs.SearchResponse'.
2026-02-23 14:13:13.332 +01:00 [INF] Executed action ModelAggregator.Api.Controllers.ModelsController.GetTrending (ModelAggregator.Api) in 1317.8722ms
2026-02-23 14:13:13.335 +01:00 [INF] Executed endpoint 'ModelAggregator.Api.Controllers.ModelsController.GetTrending (ModelAggregator.Api)'
2026-02-23 14:13:13.337 +01:00 [INF] Request finished HTTP/1.1 GET http://localhost:5000/api/models/trending?page=1&pageSize=24 - 200 null application/json; charset=utf-8 1342.0321ms
2026-02-23 14:13:40.037 +01:00 [INF] Request starting HTTP/1.1 GET http://localhost:5000/api/models/MakerWorld/686760-cat - null null
2026-02-23 14:13:40.044 +01:00 [INF] Executing endpoint 'ModelAggregator.Api.Controllers.ModelsController.GetModelDetails (ModelAggregator.Api)'
2026-02-23 14:13:40.050 +01:00 [INF] Route matched with {action = "GetModelDetails", controller = "Models"}. Executing controller action with signature System.Threading.Tasks.Task`1[Microsoft.AspNetCore.Mvc.ActionResult`1[ModelAggregator.Api.DTOs.ModelDto]] GetModelDetails(System.String, System.String, System.Threading.CancellationToken) on controller ModelAggregator.Api.Controllers.ModelsController (ModelAggregator.Api).
2026-02-23 14:13:40.063 +01:00 [INF] Start processing HTTP request GET https://makerworld.com/api/v1/design/686760
2026-02-23 14:13:40.066 +01:00 [INF] Sending HTTP request GET https://makerworld.com/api/v1/design/686760
2026-02-23 14:13:40.327 +01:00 [INF] Received HTTP response headers after 260.0666ms - 404
2026-02-23 14:13:40.330 +01:00 [INF] End processing HTTP request after 266.9198ms - 404
2026-02-23 14:13:40.332 +01:00 [WRN] MakerWorld: Got 404 for https://makerworld.com/api/v1/design/686760.
2026-02-23 14:13:40.334 +01:00 [INF] Executing NotFoundObjectResult, writing value of type 'System.String'.
2026-02-23 14:13:40.336 +01:00 [INF] Executed action ModelAggregator.Api.Controllers.ModelsController.GetModelDetails (ModelAggregator.Api) in 282.4942ms
2026-02-23 14:13:40.339 +01:00 [INF] Executed endpoint 'ModelAggregator.Api.Controllers.ModelsController.GetModelDetails (ModelAggregator.Api)'
2026-02-23 14:13:40.342 +01:00 [INF] Request finished HTTP/1.1 GET http://localhost:5000/api/models/MakerWorld/686760-cat - 404 null text/plain; charset=utf-8 304.7886ms
2026-02-23 14:14:39.682 +01:00 [INF] Request starting HTTP/1.1 GET http://localhost:5000/api/models/MakerWorld/686760-cat - null null
2026-02-23 14:14:39.690 +01:00 [INF] Executing endpoint 'ModelAggregator.Api.Controllers.ModelsController.GetModelDetails (ModelAggregator.Api)'
2026-02-23 14:14:39.692 +01:00 [INF] Route matched with {action = "GetModelDetails", controller = "Models"}. Executing controller action with signature System.Threading.Tasks.Task`1[Microsoft.AspNetCore.Mvc.ActionResult`1[ModelAggregator.Api.DTOs.ModelDto]] GetModelDetails(System.String, System.String, System.Threading.CancellationToken) on controller ModelAggregator.Api.Controllers.ModelsController (ModelAggregator.Api).
2026-02-23 14:14:39.698 +01:00 [INF] Start processing HTTP request GET https://makerworld.com/api/v1/design/686760
2026-02-23 14:14:39.701 +01:00 [INF] Sending HTTP request GET https://makerworld.com/api/v1/design/686760
2026-02-23 14:14:39.996 +01:00 [INF] Received HTTP response headers after 291.1081ms - 404
2026-02-23 14:14:40.003 +01:00 [INF] End processing HTTP request after 304.9034ms - 404
2026-02-23 14:14:40.008 +01:00 [WRN] MakerWorld: Got 404 for https://makerworld.com/api/v1/design/686760.
2026-02-23 14:14:40.012 +01:00 [INF] Executing NotFoundObjectResult, writing value of type 'System.String'.
2026-02-23 14:14:40.015 +01:00 [INF] Executed action ModelAggregator.Api.Controllers.ModelsController.GetModelDetails (ModelAggregator.Api) in 318.3564ms
2026-02-23 14:14:40.018 +01:00 [INF] Executed endpoint 'ModelAggregator.Api.Controllers.ModelsController.GetModelDetails (ModelAggregator.Api)'
2026-02-23 14:14:40.019 +01:00 [INF] Request finished HTTP/1.1 GET http://localhost:5000/api/models/MakerWorld/686760-cat - 404 null text/plain; charset=utf-8 336.7974ms
2026-02-23 14:16:46.515 +01:00 [INF] Now listening on: http://localhost:5000
2026-02-23 14:16:46.629 +01:00 [INF] Application started. Press Ctrl+C to shut down.
2026-02-23 14:16:46.633 +01:00 [INF] Hosting environment: Development
2026-02-23 14:16:46.635 +01:00 [INF] Content root path: C:\Users\KalmanT\OneDrive - ZF Friedrichshafen AG\Documents\My Web Sites\3DSearchAggregator\backend
2026-02-23 14:29:13.585 +01:00 [INF] Request starting HTTP/1.1 GET http://localhost:5000/api/models/MakerWorld/686760-cat - null null
2026-02-23 14:29:13.615 +01:00 [INF] Executing endpoint 'ModelAggregator.Api.Controllers.ModelsController.GetModelDetails (ModelAggregator.Api)'
2026-02-23 14:29:13.640 +01:00 [INF] Route matched with {action = "GetModelDetails", controller = "Models"}. Executing controller action with signature System.Threading.Tasks.Task`1[Microsoft.AspNetCore.Mvc.ActionResult`1[ModelAggregator.Api.DTOs.ModelDto]] GetModelDetails(System.String, System.String, System.Threading.CancellationToken) on controller ModelAggregator.Api.Controllers.ModelsController (ModelAggregator.Api).
2026-02-23 14:29:13.678 +01:00 [INF] Start processing HTTP request GET https://makerworld.com/api/v1/search-service/select/design2?*
2026-02-23 14:29:13.684 +01:00 [INF] Sending HTTP request GET https://makerworld.com/api/v1/search-service/select/design2?*
2026-02-23 14:29:15.446 +01:00 [INF] Received HTTP response headers after 1756.3795ms - 200
2026-02-23 14:29:15.471 +01:00 [INF] End processing HTTP request after 1796.9347ms - 200
2026-02-23 14:29:15.504 +01:00 [INF] Executing OkObjectResult, writing value of type 'ModelAggregator.Api.DTOs.ModelDto'.
2026-02-23 14:29:15.581 +01:00 [INF] Executed action ModelAggregator.Api.Controllers.ModelsController.GetModelDetails (ModelAggregator.Api) in 1931.938ms
2026-02-23 14:29:15.584 +01:00 [INF] Executed endpoint 'ModelAggregator.Api.Controllers.ModelsController.GetModelDetails (ModelAggregator.Api)'
2026-02-23 14:29:15.589 +01:00 [INF] Request finished HTTP/1.1 GET http://localhost:5000/api/models/MakerWorld/686760-cat - 200 null application/json; charset=utf-8 2005.5398ms
2026-02-23 14:30:53.621 +01:00 [INF] Application is shutting down...
2026-02-23 14:31:08.700 +01:00 [INF] Now listening on: http://localhost:5000
2026-02-23 14:31:08.769 +01:00 [INF] Application started. Press Ctrl+C to shut down.
2026-02-23 14:31:08.770 +01:00 [INF] Hosting environment: Development
2026-02-23 14:31:08.771 +01:00 [INF] Content root path: C:\Users\KalmanT\OneDrive - ZF Friedrichshafen AG\Documents\My Web Sites\3DSearchAggregator\backend
2026-02-23 14:31:10.794 +01:00 [INF] Request starting HTTP/1.1 GET http://localhost:5000/ - null null
2026-02-23 14:31:10.860 +01:00 [INF] Request finished HTTP/1.1 GET http://localhost:5000/ - 404 0 null 69.0517ms
2026-02-23 14:31:10.892 +01:00 [INF] Request reached the end of the middleware pipeline without being handled by application code. Request path: GET http://localhost:5000/, Response status code: 404
2026-02-23 14:32:26.031 +01:00 [INF] Request starting HTTP/1.1 GET http://localhost:5000/api/models/trending?page=1&pageSize=24 - null null
2026-02-23 14:32:26.031 +01:00 [INF] Request starting HTTP/1.1 GET http://localhost:5000/api/models/search?q=vase&page=1&pageSize=24&sortBy=relevance - null null
2026-02-23 14:32:26.089 +01:00 [INF] CORS policy execution successful.
2026-02-23 14:32:26.089 +01:00 [INF] CORS policy execution successful.
2026-02-23 14:32:26.093 +01:00 [INF] Executing endpoint 'ModelAggregator.Api.Controllers.ModelsController.GetTrending (ModelAggregator.Api)'
2026-02-23 14:32:26.093 +01:00 [INF] Executing endpoint 'ModelAggregator.Api.Controllers.ModelsController.Search (ModelAggregator.Api)'
2026-02-23 14:32:26.138 +01:00 [INF] Route matched with {action = "GetTrending", controller = "Models"}. Executing controller action with signature System.Threading.Tasks.Task`1[Microsoft.AspNetCore.Mvc.ActionResult`1[ModelAggregator.Api.DTOs.SearchResponse]] GetTrending(Int32, Int32, System.String, System.Threading.CancellationToken) on controller ModelAggregator.Api.Controllers.ModelsController (ModelAggregator.Api).
2026-02-23 14:32:26.138 +01:00 [INF] Route matched with {action = "Search", controller = "Models"}. Executing controller action with signature System.Threading.Tasks.Task`1[Microsoft.AspNetCore.Mvc.ActionResult`1[ModelAggregator.Api.DTOs.SearchResponse]] Search(System.String, Int32, Int32, System.String, System.String, System.Nullable`1[System.Boolean], System.Nullable`1[System.Decimal], System.Nullable`1[System.Decimal], System.Threading.CancellationToken) on controller ModelAggregator.Api.Controllers.ModelsController (ModelAggregator.Api).
2026-02-23 14:32:26.295 +01:00 [INF] Start processing HTTP request GET https://api.thingiverse.com/search/vase?*
2026-02-23 14:32:26.304 +01:00 [INF] Sending HTTP request GET https://api.thingiverse.com/search/vase?*
2026-02-23 14:32:26.308 +01:00 [INF] Start processing HTTP request GET https://api.thingiverse.com/featured?*
2026-02-23 14:32:26.310 +01:00 [INF] Sending HTTP request GET https://api.thingiverse.com/featured?*
2026-02-23 14:32:26.956 +01:00 [INF] Start processing HTTP request POST https://cults3d.com/graphql
2026-02-23 14:32:26.957 +01:00 [INF] Start processing HTTP request POST https://cults3d.com/graphql
2026-02-23 14:32:26.957 +01:00 [INF] Sending HTTP request POST https://cults3d.com/graphql
