2026-02-23 08:15:19.070 +01:00 [INF] Now listening on: http://localhost:5000
2026-02-23 08:15:19.379 +01:00 [INF] Application started. Press Ctrl+C to shut down.
2026-02-23 08:15:19.384 +01:00 [INF] Hosting environment: Development
2026-02-23 08:15:19.385 +01:00 [INF] Content root path: C:\Users\KalmanT\OneDrive - ZF Friedrichshafen AG\Documents\My Web Sites\3DSearchAggregator\backend
2026-02-23 08:15:22.367 +01:00 [INF] Request starting HTTP/1.1 GET http://localhost:5000/ - null null
2026-02-23 08:15:22.567 +01:00 [INF] Request finished HTTP/1.1 GET http://localhost:5000/ - 404 0 null 237.2282ms
2026-02-23 08:15:22.643 +01:00 [INF] Request reached the end of the middleware pipeline without being handled by application code. Request path: GET http://localhost:5000/, Response status code: 404
2026-02-23 08:16:31.043 +01:00 [INF] Request starting HTTP/1.1 GET http://localhost:5000/api/models/trending?page=1&pageSize=24 - null null
2026-02-23 08:16:31.146 +01:00 [INF] CORS policy execution successful.
2026-02-23 08:16:31.152 +01:00 [INF] Executing endpoint 'ModelAggregator.Api.Controllers.ModelsController.GetTrending (ModelAggregator.Api)'
2026-02-23 08:16:31.282 +01:00 [INF] Request starting HTTP/1.1 GET http://localhost:5000/api/models/search?q=cat&page=1&pageSize=24&sortBy=relevance - null null
2026-02-23 08:16:31.291 +01:00 [INF] CORS policy execution successful.
2026-02-23 08:16:31.293 +01:00 [INF] Executing endpoint 'ModelAggregator.Api.Controllers.ModelsController.Search (ModelAggregator.Api)'
2026-02-23 08:16:31.378 +01:00 [INF] Route matched with {action = "Search", controller = "Models"}. Executing controller action with signature System.Threading.Tasks.Task`1[Microsoft.AspNetCore.Mvc.ActionResult`1[ModelAggregator.Api.DTOs.SearchResponse]] Search(System.String, Int32, Int32, System.String, System.String, System.Nullable`1[System.Boolean], System.Nullable`1[System.Decimal], System.Nullable`1[System.Decimal], System.Threading.CancellationToken) on controller ModelAggregator.Api.Controllers.ModelsController (ModelAggregator.Api).
2026-02-23 08:16:31.379 +01:00 [INF] Route matched with {action = "GetTrending", controller = "Models"}. Executing controller action with signature System.Threading.Tasks.Task`1[Microsoft.AspNetCore.Mvc.ActionResult`1[ModelAggregator.Api.DTOs.SearchResponse]] GetTrending(Int32, Int32, System.String, System.Threading.CancellationToken) on controller ModelAggregator.Api.Controllers.ModelsController (ModelAggregator.Api).
2026-02-23 08:16:31.579 +01:00 [INF] Start processing HTTP request GET https://api.thingiverse.com/featured?*
2026-02-23 08:16:31.579 +01:00 [INF] Start processing HTTP request GET https://api.thingiverse.com/search/cat?*
2026-02-23 08:16:31.588 +01:00 [INF] Sending HTTP request GET https://api.thingiverse.com/search/cat?*
2026-02-23 08:16:31.588 +01:00 [INF] Sending HTTP request GET https://api.thingiverse.com/featured?*
2026-02-23 08:16:32.673 +01:00 [INF] Start processing HTTP request POST https://cults3d.com/graphql
2026-02-23 08:16:32.673 +01:00 [INF] Start processing HTTP request POST https://cults3d.com/graphql
2026-02-23 08:16:32.674 +01:00 [INF] Sending HTTP request POST https://cults3d.com/graphql
2026-02-23 08:16:32.674 +01:00 [INF] Sending HTTP request POST https://cults3d.com/graphql
2026-02-23 08:16:32.707 +01:00 [INF] Start processing HTTP request GET https://www.myminifactory.com/api/v2/search?*
2026-02-23 08:16:32.707 +01:00 [INF] Sending HTTP request GET https://www.myminifactory.com/api/v2/search?*
2026-02-23 08:16:32.708 +01:00 [INF] Start processing HTTP request GET https://www.myminifactory.com/api/v2/search?*
2026-02-23 08:16:32.708 +01:00 [INF] Sending HTTP request GET https://www.myminifactory.com/api/v2/search?*
2026-02-23 08:16:32.808 +01:00 [INF] Start processing HTTP request POST https://api.printables.com/graphql/
2026-02-23 08:16:32.808 +01:00 [INF] Start processing HTTP request POST https://api.printables.com/graphql/
2026-02-23 08:16:32.809 +01:00 [INF] Sending HTTP request POST https://api.printables.com/graphql/
2026-02-23 08:16:32.809 +01:00 [INF] Sending HTTP request POST https://api.printables.com/graphql/
2026-02-23 08:16:32.900 +01:00 [INF] MakerWorld: Fetching buildId from homepage...
2026-02-23 08:16:34.533 +01:00 [INF] Received HTTP response headers after 1714.5262ms - 400
2026-02-23 08:16:34.536 +01:00 [INF] End processing HTTP request after 1728.0208ms - 400
2026-02-23 08:16:34.569 +01:00 [INF] Received HTTP response headers after 1759.5399ms - 200
2026-02-23 08:16:34.570 +01:00 [INF] End processing HTTP request after 1761.6608ms - 200
2026-02-23 08:16:38.502 +01:00 [INF] Received HTTP response headers after 5827.5577ms - 200
2026-02-23 08:16:38.503 +01:00 [INF] Received HTTP response headers after 6913.9984ms - 200
2026-02-23 08:16:38.503 +01:00 [INF] End processing HTTP request after 5829.7238ms - 200
2026-02-23 08:16:38.525 +01:00 [INF] End processing HTTP request after 6936.3735ms - 200
2026-02-23 08:16:40.559 +01:00 [INF] Received HTTP response headers after 8970.1026ms - 200
2026-02-23 08:16:40.560 +01:00 [INF] End processing HTTP request after 8984.6772ms - 200
2026-02-23 08:16:41.458 +01:00 [INF] Received HTTP response headers after 8749.754ms - 200
2026-02-23 08:16:41.497 +01:00 [INF] End processing HTTP request after 8790.6659ms - 200
2026-02-23 08:16:41.498 +01:00 [INF] Received HTTP response headers after 8788.7287ms - 200
2026-02-23 08:16:41.498 +01:00 [INF] End processing HTTP request after 8790.1436ms - 200
2026-02-23 08:16:40.562 +01:00 [INF] Received HTTP response headers after 7887.1257ms - 200
2026-02-23 08:16:41.500 +01:00 [INF] End processing HTTP request after 8826.4225ms - 200
2026-02-23 08:16:42.178 +01:00 [INF] Cults3D: Found 24 results (total: 45932)
2026-02-23 08:16:42.178 +01:00 [INF] Cults3D: Found 8 trending results (total: 2983357)
2026-02-23 08:16:42.180 +01:00 [INF] Trending: Source "Cults3D" returned 8 models.
2026-02-23 08:16:42.180 +01:00 [INF] Search: Source "Cults3D" returned 24 models. Total: 45932
2026-02-23 08:16:42.249 +01:00 [INF] MakerWorld: Got homepage HTML (1035392 chars)
2026-02-23 08:16:42.271 +01:00 [INF] MyMiniFactory: Found 8 popular results
2026-02-23 08:16:42.272 +01:00 [INF] MyMiniFactory: Found 23 results (total: 5467)
2026-02-23 08:16:42.273 +01:00 [INF] Thingiverse: Found 24 results (total: 10000)
2026-02-23 08:16:42.274 +01:00 [INF] Search: Source "Thingiverse" returned 24 models. Total: 10000
2026-02-23 08:16:42.273 +01:00 [INF] Thingiverse: Found 8 popular results
2026-02-23 08:16:42.276 +01:00 [INF] Trending: Source "Thingiverse" returned 8 models.
2026-02-23 08:16:42.277 +01:00 [INF] Trending: Source "MyMiniFactory" returned 8 models.
2026-02-23 08:16:42.277 +01:00 [INF] Search: Source "MyMiniFactory" returned 23 models. Total: 5467
2026-02-23 08:16:42.282 +01:00 [INF] Printables: Found 24 results (total: 10000) for 'cat'
2026-02-23 08:16:42.283 +01:00 [INF] Search: Source "Printables" returned 24 models. Total: 10000
2026-02-23 08:16:42.395 +01:00 [INF] MakerWorld: Fetched buildId = F56ZOfHH6xUATNzwkhAwH
2026-02-23 08:16:41.497 +01:00 [ERR] Printables trending failed, falling back to search.
System.Net.Http.HttpRequestException: Response status code does not indicate success: 400 (Bad Request).
   at System.Net.Http.HttpResponseMessage.EnsureSuccessStatusCode()
   at ModelAggregator.Api.Adapters.PrintablesAdapter.PostGraphQlAsync(Object gql, CancellationToken ct) in C:\Users\KalmanT\OneDrive - ZF Friedrichshafen AG\Documents\My Web Sites\3DSearchAggregator\backend\Adapters\PrintablesAdapter.cs:line 235
   at ModelAggregator.Api.Adapters.PrintablesAdapter.GetTrendingAsync(Int32 page, Int32 pageSize, CancellationToken ct) in C:\Users\KalmanT\OneDrive - ZF Friedrichshafen AG\Documents\My Web Sites\3DSearchAggregator\backend\Adapters\PrintablesAdapter.cs:line 117
2026-02-23 08:16:42.417 +01:00 [INF] Start processing HTTP request POST https://api.printables.com/graphql/
2026-02-23 08:16:42.418 +01:00 [INF] Sending HTTP request POST https://api.printables.com/graphql/
2026-02-23 08:16:42.663 +01:00 [INF] Received HTTP response headers after 244.619ms - 400
2026-02-23 08:16:42.665 +01:00 [INF] End processing HTTP request after 247.496ms - 400
2026-02-23 08:16:47.216 +01:00 [ERR] Printables search failed for 'print'
System.Net.Http.HttpRequestException: Response status code does not indicate success: 400 (Bad Request).
   at System.Net.Http.HttpResponseMessage.EnsureSuccessStatusCode()
   at ModelAggregator.Api.Adapters.PrintablesAdapter.PostGraphQlAsync(Object gql, CancellationToken ct) in C:\Users\KalmanT\OneDrive - ZF Friedrichshafen AG\Documents\My Web Sites\3DSearchAggregator\backend\Adapters\PrintablesAdapter.cs:line 235
   at ModelAggregator.Api.Adapters.PrintablesAdapter.SearchAsync(String query, Int32 page, Int32 pageSize, String sort, CancellationToken ct) in C:\Users\KalmanT\OneDrive - ZF Friedrichshafen AG\Documents\My Web Sites\3DSearchAggregator\backend\Adapters\PrintablesAdapter.cs:line 62
2026-02-23 08:16:47.218 +01:00 [INF] Trending: Source "Printables" returned 0 models.
2026-02-23 08:16:48.224 +01:00 [INF] MakerWorld: Found 20 trending results
2026-02-23 08:16:48.225 +01:00 [INF] Trending: Source "MakerWorld" returned 20 models.
2026-02-23 08:16:48.249 +01:00 [INF] Interleaving 44 items from 4 sources: Thingiverse(8), Cults3D(8), MyMiniFactory(8), MakerWorld(20)
2026-02-23 08:16:48.393 +01:00 [INF] Executing OkObjectResult, writing value of type 'ModelAggregator.Api.DTOs.SearchResponse'.
2026-02-23 08:16:48.417 +01:00 [INF] MakerWorld: Found 20 results (total: 3909) for 'cat'
2026-02-23 08:16:48.420 +01:00 [INF] Search: Source "MakerWorld" returned 20 models. Total: 3909
2026-02-23 08:16:48.424 +01:00 [INF] Interleaving 115 items from 5 sources: Thingiverse(24), Cults3D(24), MyMiniFactory(23), Printables(24), MakerWorld(20)
2026-02-23 08:16:48.428 +01:00 [INF] Executing OkObjectResult, writing value of type 'ModelAggregator.Api.DTOs.SearchResponse'.
2026-02-23 08:16:48.665 +01:00 [INF] Executed action ModelAggregator.Api.Controllers.ModelsController.GetTrending (ModelAggregator.Api) in 17268.6927ms
2026-02-23 08:16:48.670 +01:00 [INF] Executed action ModelAggregator.Api.Controllers.ModelsController.Search (ModelAggregator.Api) in 17270.8018ms
2026-02-23 08:16:48.672 +01:00 [INF] Executed endpoint 'ModelAggregator.Api.Controllers.ModelsController.GetTrending (ModelAggregator.Api)'
2026-02-23 08:16:48.672 +01:00 [INF] Executed endpoint 'ModelAggregator.Api.Controllers.ModelsController.Search (ModelAggregator.Api)'
2026-02-23 08:16:48.679 +01:00 [INF] Request finished HTTP/1.1 GET http://localhost:5000/api/models/trending?page=1&pageSize=24 - 200 null application/json; charset=utf-8 17636.3904ms
2026-02-23 08:16:48.688 +01:00 [INF] Request finished HTTP/1.1 GET http://localhost:5000/api/models/search?q=cat&page=1&pageSize=24&sortBy=relevance - 200 null application/json; charset=utf-8 17436.5499ms
2026-02-23 08:16:48.812 +01:00 [INF] Request starting HTTP/1.1 GET http://localhost:5000/api/models/trending?page=1&pageSize=24 - null null
2026-02-23 08:16:48.812 +01:00 [INF] Request starting HTTP/1.1 GET http://localhost:5000/api/models/search?q=cat&page=1&pageSize=24&sortBy=relevance - null null
2026-02-23 08:16:48.813 +01:00 [INF] CORS policy execution successful.
2026-02-23 08:16:48.813 +01:00 [INF] CORS policy execution successful.
2026-02-23 08:16:48.813 +01:00 [INF] Executing endpoint 'ModelAggregator.Api.Controllers.ModelsController.GetTrending (ModelAggregator.Api)'
2026-02-23 08:16:48.814 +01:00 [INF] Executing endpoint 'ModelAggregator.Api.Controllers.ModelsController.Search (ModelAggregator.Api)'
2026-02-23 08:16:48.814 +01:00 [INF] Route matched with {action = "GetTrending", controller = "Models"}. Executing controller action with signature System.Threading.Tasks.Task`1[Microsoft.AspNetCore.Mvc.ActionResult`1[ModelAggregator.Api.DTOs.SearchResponse]] GetTrending(Int32, Int32, System.String, System.Threading.CancellationToken) on controller ModelAggregator.Api.Controllers.ModelsController (ModelAggregator.Api).
2026-02-23 08:16:48.814 +01:00 [INF] Route matched with {action = "Search", controller = "Models"}. Executing controller action with signature System.Threading.Tasks.Task`1[Microsoft.AspNetCore.Mvc.ActionResult`1[ModelAggregator.Api.DTOs.SearchResponse]] Search(System.String, Int32, Int32, System.String, System.String, System.Nullable`1[System.Boolean], System.Nullable`1[System.Decimal], System.Nullable`1[System.Decimal], System.Threading.CancellationToken) on controller ModelAggregator.Api.Controllers.ModelsController (ModelAggregator.Api).
2026-02-23 08:16:48.839 +01:00 [INF] Start processing HTTP request GET https://api.thingiverse.com/featured?*
2026-02-23 08:16:48.839 +01:00 [INF] Start processing HTTP request GET https://api.thingiverse.com/search/cat?*
2026-02-23 08:16:48.839 +01:00 [INF] Sending HTTP request GET https://api.thingiverse.com/featured?*
2026-02-23 08:16:48.839 +01:00 [INF] Sending HTTP request GET https://api.thingiverse.com/search/cat?*
2026-02-23 08:16:48.980 +01:00 [INF] Start processing HTTP request POST https://cults3d.com/graphql
2026-02-23 08:16:48.980 +01:00 [INF] Sending HTTP request POST https://cults3d.com/graphql
2026-02-23 08:16:48.987 +01:00 [INF] Start processing HTTP request POST https://cults3d.com/graphql
2026-02-23 08:16:48.988 +01:00 [INF] Sending HTTP request POST https://cults3d.com/graphql
2026-02-23 08:16:49.145 +01:00 [INF] Start processing HTTP request GET https://www.myminifactory.com/api/v2/search?*
2026-02-23 08:16:49.145 +01:00 [INF] Start processing HTTP request GET https://www.myminifactory.com/api/v2/search?*
2026-02-23 08:16:49.145 +01:00 [INF] Sending HTTP request GET https://www.myminifactory.com/api/v2/search?*
2026-02-23 08:16:49.146 +01:00 [INF] Sending HTTP request GET https://www.myminifactory.com/api/v2/search?*
2026-02-23 08:16:49.198 +01:00 [INF] Start processing HTTP request POST https://api.printables.com/graphql/
2026-02-23 08:16:49.199 +01:00 [INF] Sending HTTP request POST https://api.printables.com/graphql/
2026-02-23 08:16:49.203 +01:00 [INF] Start processing HTTP request POST https://api.printables.com/graphql/
2026-02-23 08:16:49.203 +01:00 [INF] Sending HTTP request POST https://api.printables.com/graphql/
2026-02-23 08:16:49.420 +01:00 [INF] Received HTTP response headers after 580.1554ms - 200
2026-02-23 08:16:49.421 +01:00 [INF] End processing HTTP request after 582.0547ms - 200
2026-02-23 08:16:49.429 +01:00 [INF] Thingiverse: Found 8 popular results
2026-02-23 08:16:49.429 +01:00 [INF] Trending: Source "Thingiverse" returned 8 models.
2026-02-23 08:16:49.433 +01:00 [INF] Received HTTP response headers after 234.2465ms - 400
2026-02-23 08:16:49.434 +01:00 [INF] End processing HTTP request after 236.364ms - 400
2026-02-23 08:16:54.514 +01:00 [INF] Received HTTP response headers after 4486.8016ms - 200
2026-02-23 08:16:54.514 +01:00 [INF] Received HTTP response headers after 5310.5874ms - 200
2026-02-23 08:16:54.515 +01:00 [INF] End processing HTTP request after 5312.6579ms - 200
2026-02-23 08:16:54.515 +01:00 [INF] End processing HTTP request after 5370.5173ms - 200
2026-02-23 08:16:54.516 +01:00 [INF] Received HTTP response headers after 5535.4002ms - 200
2026-02-23 08:16:54.517 +01:00 [INF] End processing HTTP request after 5537.4959ms - 200
2026-02-23 08:16:54.519 +01:00 [INF] Cults3D: Found 8 trending results (total: 2983357)
2026-02-23 08:16:54.519 +01:00 [INF] Received HTTP response headers after 5679.1803ms - 200
2026-02-23 08:16:55.224 +01:00 [INF] End processing HTTP request after 6385.3725ms - 200
2026-02-23 08:16:55.225 +01:00 [INF] Received HTTP response headers after 6236.6292ms - 200
2026-02-23 08:16:55.225 +01:00 [INF] End processing HTTP request after 6238.4538ms - 200
2026-02-23 08:16:54.530 +01:00 [INF] Received HTTP response headers after 5383.6591ms - 200
2026-02-23 08:16:55.226 +01:00 [INF] End processing HTTP request after 6081.4653ms - 200
2026-02-23 08:16:55.228 +01:00 [INF] Cults3D: Found 24 results (total: 45932)
2026-02-23 08:16:55.228 +01:00 [INF] Search: Source "Cults3D" returned 24 models. Total: 45932
2026-02-23 08:16:55.232 +01:00 [INF] MyMiniFactory: Found 8 popular results
2026-02-23 08:16:55.233 +01:00 [INF] Trending: Source "MyMiniFactory" returned 8 models.
2026-02-23 08:16:54.530 +01:00 [INF] Trending: Source "Cults3D" returned 8 models.
2026-02-23 08:16:55.235 +01:00 [INF] Thingiverse: Found 24 results (total: 10000)
2026-02-23 08:16:55.235 +01:00 [INF] Search: Source "Thingiverse" returned 24 models. Total: 10000
2026-02-23 08:16:55.224 +01:00 [INF] Printables: Found 24 results (total: 10000) for 'cat'
2026-02-23 08:16:56.577 +01:00 [INF] Search: Source "Printables" returned 24 models. Total: 10000
2026-02-23 08:16:56.577 +01:00 [ERR] Printables trending failed, falling back to search.
System.Net.Http.HttpRequestException: Response status code does not indicate success: 400 (Bad Request).
   at System.Net.Http.HttpResponseMessage.EnsureSuccessStatusCode()
   at ModelAggregator.Api.Adapters.PrintablesAdapter.PostGraphQlAsync(Object gql, CancellationToken ct) in C:\Users\KalmanT\OneDrive - ZF Friedrichshafen AG\Documents\My Web Sites\3DSearchAggregator\backend\Adapters\PrintablesAdapter.cs:line 235
   at ModelAggregator.Api.Adapters.PrintablesAdapter.GetTrendingAsync(Int32 page, Int32 pageSize, CancellationToken ct) in C:\Users\KalmanT\OneDrive - ZF Friedrichshafen AG\Documents\My Web Sites\3DSearchAggregator\backend\Adapters\PrintablesAdapter.cs:line 117
2026-02-23 08:16:56.579 +01:00 [INF] MyMiniFactory: Found 23 results (total: 5467)
2026-02-23 08:16:56.580 +01:00 [INF] Search: Source "MyMiniFactory" returned 23 models. Total: 5467
2026-02-23 08:16:56.580 +01:00 [INF] Start processing HTTP request POST https://api.printables.com/graphql/
2026-02-23 08:16:56.582 +01:00 [INF] Sending HTTP request POST https://api.printables.com/graphql/
2026-02-23 08:16:56.656 +01:00 [INF] Received HTTP response headers after 73.7299ms - 400
2026-02-23 08:16:56.657 +01:00 [INF] End processing HTTP request after 77.7924ms - 400
2026-02-23 08:17:00.300 +01:00 [ERR] Printables search failed for 'print'
System.Net.Http.HttpRequestException: Response status code does not indicate success: 400 (Bad Request).
   at System.Net.Http.HttpResponseMessage.EnsureSuccessStatusCode()
   at ModelAggregator.Api.Adapters.PrintablesAdapter.PostGraphQlAsync(Object gql, CancellationToken ct) in C:\Users\KalmanT\OneDrive - ZF Friedrichshafen AG\Documents\My Web Sites\3DSearchAggregator\backend\Adapters\PrintablesAdapter.cs:line 235
   at ModelAggregator.Api.Adapters.PrintablesAdapter.SearchAsync(String query, Int32 page, Int32 pageSize, String sort, CancellationToken ct) in C:\Users\KalmanT\OneDrive - ZF Friedrichshafen AG\Documents\My Web Sites\3DSearchAggregator\backend\Adapters\PrintablesAdapter.cs:line 62
2026-02-23 08:17:00.304 +01:00 [INF] Trending: Source "Printables" returned 0 models.
2026-02-23 08:17:00.349 +01:00 [INF] MakerWorld: Found 20 trending results
2026-02-23 08:17:00.350 +01:00 [INF] Trending: Source "MakerWorld" returned 20 models.
2026-02-23 08:17:00.350 +01:00 [INF] Interleaving 44 items from 4 sources: Thingiverse(8), Cults3D(8), MyMiniFactory(8), MakerWorld(20)
2026-02-23 08:17:00.354 +01:00 [INF] Executing OkObjectResult, writing value of type 'ModelAggregator.Api.DTOs.SearchResponse'.
2026-02-23 08:17:00.363 +01:00 [INF] Executed action ModelAggregator.Api.Controllers.ModelsController.GetTrending (ModelAggregator.Api) in 11547.9423ms
2026-02-23 08:17:00.363 +01:00 [INF] Executed endpoint 'ModelAggregator.Api.Controllers.ModelsController.GetTrending (ModelAggregator.Api)'
2026-02-23 08:17:00.364 +01:00 [INF] Request finished HTTP/1.1 GET http://localhost:5000/api/models/trending?page=1&pageSize=24 - 200 null application/json; charset=utf-8 11551.5691ms
2026-02-23 08:17:00.382 +01:00 [INF] MakerWorld: Found 20 results (total: 3908) for 'cat'
2026-02-23 08:17:00.382 +01:00 [INF] Search: Source "MakerWorld" returned 20 models. Total: 3908
2026-02-23 08:17:00.383 +01:00 [INF] Interleaving 115 items from 5 sources: Thingiverse(24), Cults3D(24), MyMiniFactory(23), Printables(24), MakerWorld(20)
2026-02-23 08:17:00.385 +01:00 [INF] Executing OkObjectResult, writing value of type 'ModelAggregator.Api.DTOs.SearchResponse'.
2026-02-23 08:17:00.389 +01:00 [INF] Executed action ModelAggregator.Api.Controllers.ModelsController.Search (ModelAggregator.Api) in 11574.1303ms
2026-02-23 08:17:00.389 +01:00 [INF] Executed endpoint 'ModelAggregator.Api.Controllers.ModelsController.Search (ModelAggregator.Api)'
2026-02-23 08:17:00.390 +01:00 [INF] Request finished HTTP/1.1 GET http://localhost:5000/api/models/search?q=cat&page=1&pageSize=24&sortBy=relevance - 200 null application/json; charset=utf-8 11577.8039ms
2026-02-23 08:17:02.124 +01:00 [INF] Request starting HTTP/1.1 GET http://localhost:5000/api/models/Thingiverse/1545913 - null null
2026-02-23 08:17:02.126 +01:00 [INF] CORS policy execution successful.
2026-02-23 08:17:02.127 +01:00 [INF] Executing endpoint 'ModelAggregator.Api.Controllers.ModelsController.GetModelDetails (ModelAggregator.Api)'
2026-02-23 08:17:02.157 +01:00 [INF] Route matched with {action = "GetModelDetails", controller = "Models"}. Executing controller action with signature System.Threading.Tasks.Task`1[Microsoft.AspNetCore.Mvc.ActionResult`1[ModelAggregator.Api.DTOs.ModelDto]] GetModelDetails(System.String, System.String, System.Threading.CancellationToken) on controller ModelAggregator.Api.Controllers.ModelsController (ModelAggregator.Api).
2026-02-23 08:17:02.195 +01:00 [INF] Start processing HTTP request GET https://api.thingiverse.com/things/1545913
2026-02-23 08:17:02.195 +01:00 [INF] Sending HTTP request GET https://api.thingiverse.com/things/1545913
2026-02-23 08:17:02.491 +01:00 [INF] Received HTTP response headers after 295.7738ms - 200
2026-02-23 08:17:02.494 +01:00 [INF] End processing HTTP request after 299.6768ms - 200
2026-02-23 08:17:02.526 +01:00 [INF] Executing OkObjectResult, writing value of type 'ModelAggregator.Api.DTOs.ModelDto'.
2026-02-23 08:17:02.529 +01:00 [INF] Executed action ModelAggregator.Api.Controllers.ModelsController.GetModelDetails (ModelAggregator.Api) in 369.7943ms
2026-02-23 08:17:02.530 +01:00 [INF] Executed endpoint 'ModelAggregator.Api.Controllers.ModelsController.GetModelDetails (ModelAggregator.Api)'
2026-02-23 08:17:02.531 +01:00 [INF] Request finished HTTP/1.1 GET http://localhost:5000/api/models/Thingiverse/1545913 - 200 null application/json; charset=utf-8 407.5897ms
2026-02-23 08:17:02.543 +01:00 [INF] Request starting HTTP/1.1 GET http://localhost:5000/api/models/Thingiverse/1545913 - null null
2026-02-23 08:17:02.544 +01:00 [INF] CORS policy execution successful.
2026-02-23 08:17:02.545 +01:00 [INF] Executing endpoint 'ModelAggregator.Api.Controllers.ModelsController.GetModelDetails (ModelAggregator.Api)'
2026-02-23 08:17:02.547 +01:00 [INF] Route matched with {action = "GetModelDetails", controller = "Models"}. Executing controller action with signature System.Threading.Tasks.Task`1[Microsoft.AspNetCore.Mvc.ActionResult`1[ModelAggregator.Api.DTOs.ModelDto]] GetModelDetails(System.String, System.String, System.Threading.CancellationToken) on controller ModelAggregator.Api.Controllers.ModelsController (ModelAggregator.Api).
2026-02-23 08:17:02.549 +01:00 [INF] Start processing HTTP request GET https://api.thingiverse.com/things/1545913
2026-02-23 08:17:02.550 +01:00 [INF] Sending HTTP request GET https://api.thingiverse.com/things/1545913
2026-02-23 08:17:02.844 +01:00 [INF] Received HTTP response headers after 292.9961ms - 200
2026-02-23 08:17:02.845 +01:00 [INF] End processing HTTP request after 296.0359ms - 200
2026-02-23 08:17:02.848 +01:00 [INF] Executing OkObjectResult, writing value of type 'ModelAggregator.Api.DTOs.ModelDto'.
2026-02-23 08:17:02.850 +01:00 [INF] Executed action ModelAggregator.Api.Controllers.ModelsController.GetModelDetails (ModelAggregator.Api) in 302.653ms
2026-02-23 08:17:02.851 +01:00 [INF] Executed endpoint 'ModelAggregator.Api.Controllers.ModelsController.GetModelDetails (ModelAggregator.Api)'
2026-02-23 08:17:02.851 +01:00 [INF] Request finished HTTP/1.1 GET http://localhost:5000/api/models/Thingiverse/1545913 - 200 null application/json; charset=utf-8 308.3703ms
